{"C:\\Users\\pc\\Desktop\\SW Eng\\Sec_Project\\pro-dental\\backend\\src\\modules\\schedules\\schedules.service.js": {"path":"C:\\Users\\pc\\Desktop\\SW Eng\\Sec_Project\\pro-dental\\backend\\src\\modules\\schedules\\schedules.service.js","statementMap":{"0":{"start":{"line":1,"column":26},"end":{"line":1,"column":53}},"1":{"start":{"line":2,"column":29},"end":{"line":2,"column":73}},"2":{"start":{"line":5,"column":17},"end":{"line":5,"column":44}},"3":{"start":{"line":6,"column":2},"end":{"line":6,"column":20}},"4":{"start":{"line":9,"column":12},"end":{"line":9,"column":58}},"5":{"start":{"line":10,"column":12},"end":{"line":10,"column":46}},"6":{"start":{"line":11,"column":2},"end":{"line":11,"column":21}},"7":{"start":{"line":16,"column":2},"end":{"line":16,"column":20}},"8":{"start":{"line":16,"column":10},"end":{"line":16,"column":20}},"9":{"start":{"line":17,"column":12},"end":{"line":17,"column":62}},"10":{"start":{"line":19,"column":2},"end":{"line":19,"column":68}},"11":{"start":{"line":19,"column":41},"end":{"line":19,"column":68}},"12":{"start":{"line":20,"column":2},"end":{"line":20,"column":68}},"13":{"start":{"line":20,"column":41},"end":{"line":20,"column":68}},"14":{"start":{"line":22,"column":12},"end":{"line":22,"column":23}},"15":{"start":{"line":23,"column":2},"end":{"line":27,"column":3}},"16":{"start":{"line":24,"column":15},"end":{"line":24,"column":52}},"17":{"start":{"line":25,"column":15},"end":{"line":25,"column":54}},"18":{"start":{"line":26,"column":4},"end":{"line":26,"column":25}},"19":{"start":{"line":28,"column":2},"end":{"line":28,"column":12}},"20":{"start":{"line":31,"column":25},"end":{"line":153,"column":1}},"21":{"start":{"line":34,"column":4},"end":{"line":34,"column":55}},"22":{"start":{"line":38,"column":4},"end":{"line":38,"column":55}},"23":{"start":{"line":42,"column":19},"end":{"line":42,"column":58}},"24":{"start":{"line":43,"column":22},"end":{"line":43,"column":64}},"25":{"start":{"line":44,"column":4},"end":{"line":44,"column":33}},"26":{"start":{"line":48,"column":4},"end":{"line":48,"column":42}},"27":{"start":{"line":52,"column":4},"end":{"line":52,"column":38}},"28":{"start":{"line":56,"column":4},"end":{"line":56,"column":45}},"29":{"start":{"line":60,"column":4},"end":{"line":60,"column":49}},"30":{"start":{"line":66,"column":20},"end":{"line":66,"column":58}},"31":{"start":{"line":67,"column":18},"end":{"line":67,"column":68}},"32":{"start":{"line":69,"column":16},"end":{"line":69,"column":25}},"33":{"start":{"line":72,"column":4},"end":{"line":76,"column":5}},"34":{"start":{"line":73,"column":19},"end":{"line":73,"column":42}},"35":{"start":{"line":74,"column":6},"end":{"line":74,"column":26}},"36":{"start":{"line":74,"column":17},"end":{"line":74,"column":26}},"37":{"start":{"line":75,"column":6},"end":{"line":75,"column":43}},"38":{"start":{"line":78,"column":4},"end":{"line":78,"column":78}},"39":{"start":{"line":80,"column":17},"end":{"line":80,"column":19}},"40":{"start":{"line":81,"column":20},"end":{"line":81,"column":60}},"41":{"start":{"line":83,"column":4},"end":{"line":149,"column":5}},"42":{"start":{"line":84,"column":23},"end":{"line":84,"column":27}},"43":{"start":{"line":86,"column":17},"end":{"line":86,"column":73}},"44":{"start":{"line":87,"column":6},"end":{"line":96,"column":7}},"45":{"start":{"line":88,"column":8},"end":{"line":94,"column":11}},"46":{"start":{"line":95,"column":8},"end":{"line":95,"column":17}},"47":{"start":{"line":98,"column":21},"end":{"line":98,"column":78}},"48":{"start":{"line":99,"column":6},"end":{"line":108,"column":7}},"49":{"start":{"line":100,"column":8},"end":{"line":106,"column":11}},"50":{"start":{"line":107,"column":8},"end":{"line":107,"column":17}},"51":{"start":{"line":110,"column":22},"end":{"line":114,"column":9}},"52":{"start":{"line":110,"column":39},"end":{"line":114,"column":7}},"53":{"start":{"line":116,"column":20},"end":{"line":116,"column":22}},"54":{"start":{"line":118,"column":6},"end":{"line":140,"column":7}},"55":{"start":{"line":119,"column":18},"end":{"line":119,"column":32}},"56":{"start":{"line":120,"column":18},"end":{"line":120,"column":30}},"57":{"start":{"line":121,"column":21},"end":{"line":121,"column":34}},"58":{"start":{"line":123,"column":8},"end":{"line":139,"column":9}},"59":{"start":{"line":123,"column":21},"end":{"line":123,"column":22}},"60":{"start":{"line":124,"column":23},"end":{"line":124,"column":32}},"61":{"start":{"line":125,"column":22},"end":{"line":125,"column":43}},"62":{"start":{"line":126,"column":20},"end":{"line":126,"column":32}},"63":{"start":{"line":128,"column":10},"end":{"line":138,"column":11}},"64":{"start":{"line":129,"column":12},"end":{"line":129,"column":60}},"65":{"start":{"line":131,"column":12},"end":{"line":137,"column":15}},"66":{"start":{"line":142,"column":6},"end":{"line":148,"column":9}},"67":{"start":{"line":151,"column":4},"end":{"line":151,"column":44}},"68":{"start":{"line":155,"column":0},"end":{"line":155,"column":38}}},"fnMap":{"0":{"name":"toMin","decl":{"start":{"line":4,"column":9},"end":{"line":4,"column":14}},"loc":{"start":{"line":4,"column":21},"end":{"line":7,"column":1}},"line":4},"1":{"name":"toHHMM","decl":{"start":{"line":8,"column":9},"end":{"line":8,"column":15}},"loc":{"start":{"line":8,"column":22},"end":{"line":12,"column":1}},"line":8},"2":{"name":"extractHHMM","decl":{"start":{"line":15,"column":9},"end":{"line":15,"column":20}},"loc":{"start":{"line":15,"column":24},"end":{"line":29,"column":1}},"line":15},"3":{"name":"(anonymous_3)","decl":{"start":{"line":33,"column":2},"end":{"line":33,"column":3}},"loc":{"start":{"line":33,"column":32},"end":{"line":35,"column":3}},"line":33},"4":{"name":"(anonymous_4)","decl":{"start":{"line":37,"column":2},"end":{"line":37,"column":3}},"loc":{"start":{"line":37,"column":29},"end":{"line":39,"column":3}},"line":37},"5":{"name":"(anonymous_5)","decl":{"start":{"line":41,"column":2},"end":{"line":41,"column":3}},"loc":{"start":{"line":41,"column":36},"end":{"line":45,"column":3}},"line":41},"6":{"name":"(anonymous_6)","decl":{"start":{"line":47,"column":2},"end":{"line":47,"column":3}},"loc":{"start":{"line":47,"column":25},"end":{"line":49,"column":3}},"line":47},"7":{"name":"(anonymous_7)","decl":{"start":{"line":51,"column":2},"end":{"line":51,"column":3}},"loc":{"start":{"line":51,"column":21},"end":{"line":53,"column":3}},"line":51},"8":{"name":"(anonymous_8)","decl":{"start":{"line":55,"column":2},"end":{"line":55,"column":3}},"loc":{"start":{"line":55,"column":28},"end":{"line":57,"column":3}},"line":55},"9":{"name":"(anonymous_9)","decl":{"start":{"line":59,"column":2},"end":{"line":59,"column":3}},"loc":{"start":{"line":59,"column":32},"end":{"line":61,"column":3}},"line":59},"10":{"name":"(anonymous_10)","decl":{"start":{"line":65,"column":2},"end":{"line":65,"column":3}},"loc":{"start":{"line":65,"column":28},"end":{"line":152,"column":3}},"line":65},"11":{"name":"(anonymous_11)","decl":{"start":{"line":110,"column":33},"end":{"line":110,"column":34}},"loc":{"start":{"line":110,"column":39},"end":{"line":114,"column":7}},"line":110}},"branchMap":{"0":{"loc":{"start":{"line":16,"column":2},"end":{"line":16,"column":20}},"type":"if","locations":[{"start":{"line":16,"column":2},"end":{"line":16,"column":20}},{"start":{},"end":{}}],"line":16},"1":{"loc":{"start":{"line":17,"column":12},"end":{"line":17,"column":62}},"type":"cond-expr","locations":[{"start":{"line":17,"column":32},"end":{"line":17,"column":47}},{"start":{"line":17,"column":50},"end":{"line":17,"column":62}}],"line":17},"2":{"loc":{"start":{"line":19,"column":2},"end":{"line":19,"column":68}},"type":"if","locations":[{"start":{"line":19,"column":2},"end":{"line":19,"column":68}},{"start":{},"end":{}}],"line":19},"3":{"loc":{"start":{"line":19,"column":6},"end":{"line":19,"column":39}},"type":"binary-expr","locations":[{"start":{"line":19,"column":6},"end":{"line":19,"column":21}},{"start":{"line":19,"column":25},"end":{"line":19,"column":39}}],"line":19},"4":{"loc":{"start":{"line":20,"column":2},"end":{"line":20,"column":68}},"type":"if","locations":[{"start":{"line":20,"column":2},"end":{"line":20,"column":68}},{"start":{},"end":{}}],"line":20},"5":{"loc":{"start":{"line":20,"column":6},"end":{"line":20,"column":39}},"type":"binary-expr","locations":[{"start":{"line":20,"column":6},"end":{"line":20,"column":21}},{"start":{"line":20,"column":25},"end":{"line":20,"column":39}}],"line":20},"6":{"loc":{"start":{"line":23,"column":2},"end":{"line":27,"column":3}},"type":"if","locations":[{"start":{"line":23,"column":2},"end":{"line":27,"column":3}},{"start":{},"end":{}}],"line":23},"7":{"loc":{"start":{"line":74,"column":6},"end":{"line":74,"column":26}},"type":"if","locations":[{"start":{"line":74,"column":6},"end":{"line":74,"column":26}},{"start":{},"end":{}}],"line":74},"8":{"loc":{"start":{"line":87,"column":6},"end":{"line":96,"column":7}},"type":"if","locations":[{"start":{"line":87,"column":6},"end":{"line":96,"column":7}},{"start":{},"end":{}}],"line":87},"9":{"loc":{"start":{"line":87,"column":10},"end":{"line":87,"column":31}},"type":"binary-expr","locations":[{"start":{"line":87,"column":10},"end":{"line":87,"column":12}},{"start":{"line":87,"column":16},"end":{"line":87,"column":31}}],"line":87},"10":{"loc":{"start":{"line":99,"column":6},"end":{"line":108,"column":7}},"type":"if","locations":[{"start":{"line":99,"column":6},"end":{"line":108,"column":7}},{"start":{},"end":{}}],"line":99},"11":{"loc":{"start":{"line":99,"column":10},"end":{"line":99,"column":40}},"type":"binary-expr","locations":[{"start":{"line":99,"column":10},"end":{"line":99,"column":17}},{"start":{"line":99,"column":21},"end":{"line":99,"column":40}}],"line":99},"12":{"loc":{"start":{"line":111,"column":16},"end":{"line":111,"column":61}},"type":"cond-expr","locations":[{"start":{"line":111,"column":33},"end":{"line":111,"column":46}},{"start":{"line":111,"column":49},"end":{"line":111,"column":61}}],"line":111},"13":{"loc":{"start":{"line":112,"column":14},"end":{"line":112,"column":53}},"type":"cond-expr","locations":[{"start":{"line":112,"column":29},"end":{"line":112,"column":40}},{"start":{"line":112,"column":43},"end":{"line":112,"column":53}}],"line":112},"14":{"loc":{"start":{"line":113,"column":21},"end":{"line":113,"column":41}},"type":"binary-expr","locations":[{"start":{"line":113,"column":21},"end":{"line":113,"column":35}},{"start":{"line":113,"column":39},"end":{"line":113,"column":41}}],"line":113},"15":{"loc":{"start":{"line":128,"column":10},"end":{"line":138,"column":11}},"type":"if","locations":[{"start":{"line":128,"column":10},"end":{"line":138,"column":11}},{"start":{"line":130,"column":17},"end":{"line":138,"column":11}}],"line":128},"16":{"loc":{"start":{"line":136,"column":27},"end":{"line":136,"column":49}},"type":"binary-expr","locations":[{"start":{"line":136,"column":27},"end":{"line":136,"column":41}},{"start":{"line":136,"column":45},"end":{"line":136,"column":49}}],"line":136}},"s":{"0":1,"1":1,"2":2,"3":2,"4":2,"5":2,"6":2,"7":1,"8":0,"9":1,"10":1,"11":0,"12":1,"13":1,"14":0,"15":0,"16":0,"17":0,"18":0,"19":0,"20":1,"21":0,"22":0,"23":0,"24":0,"25":0,"26":0,"27":0,"28":0,"29":0,"30":1,"31":1,"32":1,"33":1,"34":1,"35":1,"36":0,"37":1,"38":1,"39":1,"40":1,"41":1,"42":1,"43":1,"44":1,"45":0,"46":0,"47":1,"48":1,"49":0,"50":0,"51":1,"52":1,"53":1,"54":1,"55":1,"56":1,"57":1,"58":1,"59":1,"60":2,"61":2,"62":2,"63":2,"64":1,"65":1,"66":1,"67":1,"68":1},"f":{"0":2,"1":2,"2":1,"3":0,"4":0,"5":0,"6":0,"7":0,"8":0,"9":0,"10":1,"11":1},"b":{"0":[0,1],"1":[0,1],"2":[0,1],"3":[1,0],"4":[1,0],"5":[1,1],"6":[0,0],"7":[0,1],"8":[0,1],"9":[1,0],"10":[0,1],"11":[1,1],"12":[0,1],"13":[0,1],"14":[1,0],"15":[1,1],"16":[1,0]},"_coverageSchema":"1a1c01bbd47fc00a2c39e90264f33305004495a9","hash":"e8ac8b632d9e3c805eca10a57300c0d05ce08852"}
}
