TN:
SF:src\modules\schedules\schedules.service.js
FN:4,toMin
FN:8,toHHMM
FN:15,extractHHMM
FN:33,(anonymous_3)
FN:37,(anonymous_4)
FN:41,(anonymous_5)
FN:47,(anonymous_6)
FN:51,(anonymous_7)
FN:55,(anonymous_8)
FN:59,(anonymous_9)
FN:65,(anonymous_10)
FN:110,(anonymous_11)
FNF:12
FNH:5
FNDA:2,toMin
FNDA:2,toHHMM
FNDA:1,extractHHMM
FNDA:0,(anonymous_3)
FNDA:0,(anonymous_4)
FNDA:0,(anonymous_5)
FNDA:0,(anonymous_6)
FNDA:0,(anonymous_7)
FNDA:0,(anonymous_8)
FNDA:0,(anonymous_9)
FNDA:1,(anonymous_10)
FNDA:1,(anonymous_11)
DA:1,1
DA:2,1
DA:5,2
DA:6,2
DA:9,2
DA:10,2
DA:11,2
DA:16,1
DA:17,1
DA:19,1
DA:20,1
DA:22,0
DA:23,0
DA:24,0
DA:25,0
DA:26,0
DA:28,0
DA:31,1
DA:34,0
DA:38,0
DA:42,0
DA:43,0
DA:44,0
DA:48,0
DA:52,0
DA:56,0
DA:60,0
DA:66,1
DA:67,1
DA:69,1
DA:72,1
DA:73,1
DA:74,1
DA:75,1
DA:78,1
DA:80,1
DA:81,1
DA:83,1
DA:84,1
DA:86,1
DA:87,1
DA:88,0
DA:95,0
DA:98,1
DA:99,1
DA:100,0
DA:107,0
DA:110,1
DA:116,1
DA:118,1
DA:119,1
DA:120,1
DA:121,1
DA:123,1
DA:124,2
DA:125,2
DA:126,2
DA:128,2
DA:129,1
DA:131,1
DA:142,1
DA:151,1
DA:155,1
LF:63
LH:44
BRDA:16,0,0,0
BRDA:16,0,1,1
BRDA:17,1,0,0
BRDA:17,1,1,1
BRDA:19,2,0,0
BRDA:19,2,1,1
BRDA:19,3,0,1
BRDA:19,3,1,0
BRDA:20,4,0,1
BRDA:20,4,1,0
BRDA:20,5,0,1
BRDA:20,5,1,1
BRDA:23,6,0,0
BRDA:23,6,1,0
BRDA:74,7,0,0
BRDA:74,7,1,1
BRDA:87,8,0,0
BRDA:87,8,1,1
BRDA:87,9,0,1
BRDA:87,9,1,0
BRDA:99,10,0,0
BRDA:99,10,1,1
BRDA:99,11,0,1
BRDA:99,11,1,1
BRDA:111,12,0,0
BRDA:111,12,1,1
BRDA:112,13,0,0
BRDA:112,13,1,1
BRDA:113,14,0,1
BRDA:113,14,1,0
BRDA:128,15,0,1
BRDA:128,15,1,1
BRDA:136,16,0,1
BRDA:136,16,1,0
BRF:34
BRH:19
end_of_record
